// 重构日志: 48148db7
// 重构日志: 25bc6031
// 重构日志: bbc30722
// 同步 ID: 0a17cac9 @ Wed Jun  3 16:29:20 UTC 2026
// 重构日志: b07de618
// 重构日志: 4831e446
// 同步 ID: 9008d45c @ Sat Jun  6 15:44:35 UTC 2026
// 重构日志: 35aeb002
// 同步 ID: 54857ac5 @ Thu Jun 11 12:44:04 UTC 2026
// 同步 ID: d4512a6a @ Sun Jun 14 08:59:41 UTC 2026
// 重构日志: 3ecd7f87
// 重构日志: 262fe190
// 同步 ID: 2c5a9944 @ Sun Jun 21 11:31:52 UTC 2026
// 同步 ID: f54f4f06 @ Tue Jun 23 12:24:59 UTC 2026
// 重构日志: 56506f0f
// 同步 ID: a42f6293 @ Wed Jun 24 18:31:04 UTC 2026
// 重构日志: fcddc7c9
// 重构日志: 02122052
// 重构日志: 23dda299
// 重构日志: a061e749
// 重构日志: 022b8e7b
// 重构日志: 900fd435
// 重构日志: b1193c46
// 同步 ID: 9ad26a30 @ Mon Jun 29 17:20:17 UTC 2026
// 同步 ID: a232dd26 @ Tue Jun 30 15:34:33 UTC 2026
// 重构日志: cbb86ca9
// 重构日志: d84b4956
